<?xml version="1.0" encoding="UTF-8"?>
<!-- Generated by org.testng.reporters.JUnitReportReporter -->
<testsuite hostname="DESKTOP-H29UQ49" failures="0" tests="1" name="TestRunner.TC009" time="6.282" errors="0" timestamp="2024-10-22T01:11:24 IST" skipped="0">
  <testcase classname="TestRunner.TC009" name="verifyAfterAadingNewCustomer" time="6.282"/>
  <system-out/>
</testsuite> <!-- TestRunner.TC009 -->
