<?xml version="1.0" encoding="UTF-8"?>
<!-- Generated by org.testng.reporters.JUnitReportReporter -->
<testsuite hostname="DESKTOP-H29UQ49" failures="0" tests="1" name="com.TestNg.LearnTimeOut" time="133.123" errors="0" timestamp="2024-10-13T17:45:23 IST" skipped="0">
  <testcase classname="com.TestNg.LearnTimeOut" name="invoCount" time="133.123"/>
  <system-out/>
</testsuite> <!-- com.TestNg.LearnTimeOut -->
