<?xml version="1.0" encoding="UTF-8"?>
<!-- Generated by org.testng.reporters.JUnitReportReporter -->
<testsuite hostname="DESKTOP-H29UQ49" failures="0" tests="1" name="TestRunner.TC004" time="12.085" errors="0" timestamp="2024-10-14T08:07:05 IST" skipped="0">
  <testcase classname="TestRunner.TC004" name="verifyManagerId" time="12.085"/>
  <system-out/>
</testsuite> <!-- TestRunner.TC004 -->
