<?xml version="1.0" encoding="UTF-8"?>
<!-- Generated by org.testng.reporters.JUnitReportReporter -->
<testsuite hostname="DESKTOP-H29UQ49" failures="0" tests="1" name="TestRunner.TC010" time="12.730" errors="0" timestamp="2024-10-23T00:16:33 IST" skipped="0">
  <testcase classname="TestRunner.TC010" name="verifyNewAccountToNewCustomer" time="12.730"/>
  <system-out/>
</testsuite> <!-- TestRunner.TC010 -->
