<?xml version="1.0" encoding="UTF-8"?>
<!-- Generated by org.testng.reporters.JUnitReportReporter -->
<testsuite hostname="DESKTOP-H29UQ49" failures="0" tests="1" name="TestRunner.TC005" time="11.089" errors="0" timestamp="2024-10-20T21:59:43 IST" skipped="0">
  <testcase classname="TestRunner.TC005" name="VerifyLogintakeScreen" time="11.089"/>
  <system-out/>
</testsuite> <!-- TestRunner.TC005 -->
