<?xml version="1.0" encoding="UTF-8"?>
<!-- Generated by org.testng.reporters.JUnitReportReporter -->
<testsuite hostname="DESKTOP-H29UQ49" failures="0" tests="1" name="TestRunner.TC007" time="8.665" errors="0" timestamp="2024-10-21T01:57:05 IST" skipped="0">
  <testcase classname="TestRunner.TC007" name="verifyAfterPasswordChange" time="8.665"/>
  <system-out/>
</testsuite> <!-- TestRunner.TC007 -->
