<?xml version="1.0" encoding="UTF-8"?>
<!-- Generated by org.testng.reporters.JUnitReportReporter -->
<testsuite hostname="DESKTOP-H29UQ49" failures="0" tests="2" name="TestRunner.laernParametersOne" time="20.609" errors="0" timestamp="2024-10-11T15:55:28 IST" skipped="0">
  <testcase classname="TestRunner.laernParametersOne" name="login" time="6.836"/>
  <system-out/>
  <testcase classname="TestRunner.laernParametersOne" name="login" time="13.773"/>
  <system-out/>
</testsuite> <!-- TestRunner.laernParametersOne -->
