<?xml version="1.0" encoding="UTF-8"?>
<!-- Generated by org.testng.reporters.JUnitReportReporter -->
<testsuite hostname="DESKTOP-H29UQ49" failures="0" tests="1" name="TestRunner.TC008" time="7.134" errors="0" timestamp="2024-10-21T02:20:37 IST" skipped="0">
  <testcase classname="TestRunner.TC008" name="loginWithNewPassword" time="7.134"/>
  <system-out/>
</testsuite> <!-- TestRunner.TC008 -->
