<?xml version="1.0" encoding="UTF-8"?>
<!-- Generated by org.testng.reporters.JUnitReportReporter -->
<testsuite hostname="DESKTOP-H29UQ49" failures="0" tests="1" name="TestRunner.TC003" time="13.814" errors="0" timestamp="2024-10-20T21:59:43 IST" skipped="0">
  <testcase classname="TestRunner.TC003" name="verifyMultipleLoginScenari" time="13.814"/>
  <system-out/>
</testsuite> <!-- TestRunner.TC003 -->
