<?xml version="1.0" encoding="UTF-8"?>
<!-- Generated by org.testng.reporters.JUnitReportReporter -->
<testsuite hostname="DESKTOP-H29UQ49" failures="0" tests="1" name="TestRunner.readDatafromExcel" time="0.711" errors="0" timestamp="2024-10-11T21:38:14 IST" skipped="0">
  <testcase classname="TestRunner.readDatafromExcel" name="readData" time="0.711"/>
  <system-out/>
</testsuite> <!-- TestRunner.readDatafromExcel -->
