<?xml version="1.0" encoding="UTF-8"?>
<!-- Generated by org.testng.reporters.JUnitReportReporter -->
<testsuite hostname="DESKTOP-H29UQ49" failures="0" tests="1" name="TestRunner.TC006" time="17.092" errors="0" timestamp="2024-10-20T21:32:50 IST" skipped="0">
  <testcase classname="TestRunner.TC006" name="changePasswordAndLogin" time="17.092"/>
  <system-out/>
</testsuite> <!-- TestRunner.TC006 -->
