<?xml version="1.0" encoding="UTF-8"?>
<!-- Generated by org.testng.reporters.JUnitReportReporter -->
<testsuite hostname="DESKTOP-H29UQ49" failures="0" tests="1" name="TestRunner.ReadExcel" time="1.222" errors="0" timestamp="2024-10-12T20:10:41 IST" skipped="0">
  <testcase classname="TestRunner.ReadExcel" name="readLoginData" time="1.222"/>
  <system-out/>
</testsuite> <!-- TestRunner.ReadExcel -->
