<?xml version="1.0" encoding="UTF-8"?>
<!-- Generated by org.testng.reporters.JUnitReportReporter -->
<testsuite hostname="DESKTOP-H29UQ49" failures="0" tests="1" name="TestRunner.TC001" time="9.272" errors="0" timestamp="2024-10-20T21:59:43 IST" skipped="0">
  <testcase classname="TestRunner.TC001" name="login" time="9.272"/>
  <system-out/>
</testsuite> <!-- TestRunner.TC001 -->
