<?xml version="1.0" encoding="UTF-8"?>
<!-- Generated by org.testng.reporters.JUnitReportReporter -->
<testsuite hostname="DESKTOP-H29UQ49" failures="0" tests="1" name="com.TestNg.learnGroups" time="0.013" errors="0" timestamp="2024-10-13T17:08:02 IST" skipped="0">
  <testcase classname="com.TestNg.learnGroups" name="login" time="0.013"/>
  <system-out/>
</testsuite> <!-- com.TestNg.learnGroups -->
