<?xml version="1.0" encoding="UTF-8"?>
<!-- Generated by org.testng.reporters.JUnitReportReporter -->
<testsuite hostname="DESKTOP-H29UQ49" failures="0" tests="1" name="com.TestNg.TestngHeirarcy" time="0.015" errors="0" timestamp="2024-10-13T16:48:44 IST" skipped="0">
  <testcase classname="com.TestNg.TestngHeirarcy" name="atTetst" time="0.015"/>
  <system-out/>
</testsuite> <!-- com.TestNg.TestngHeirarcy -->
