<?xml version="1.0" encoding="UTF-8"?>
<!-- Generated by org.testng.reporters.JUnitReportReporter -->
<testsuite hostname="DESKTOP-H29UQ49" failures="0" tests="1" name="TestRunner.TC004" time="12.306" errors="0" timestamp="2024-10-20T21:59:43 IST" skipped="0">
  <testcase classname="TestRunner.TC004" name="verifyManagerId" time="12.306"/>
  <system-out/>
</testsuite> <!-- TestRunner.TC004 -->
