<?xml version="1.0" encoding="UTF-8"?>
<!-- Generated by org.testng.reporters.JUnitReportReporter -->
<testsuite hostname="DESKTOP-H29UQ49" failures="0" tests="2" name="TestRunner.LearnParameter" time="22.474" errors="0" timestamp="2024-10-13T16:37:43 IST" skipped="0">
  <testcase classname="TestRunner.LearnParameter" name="login" time="8.958"/>
  <system-out/>
  <testcase classname="TestRunner.LearnParameter" name="login" time="13.516"/>
  <system-out/>
</testsuite> <!-- TestRunner.LearnParameter -->
