<?xml version="1.0" encoding="UTF-8"?>
<!-- Generated by org.testng.reporters.JUnitReportReporter -->
<testsuite hostname="DESKTOP-H29UQ49" failures="0" tests="4" name="TestRunner.TC003" time="46.277" errors="0" timestamp="2024-10-14T07:09:03 IST" skipped="0">
  <testcase classname="TestRunner.TC003" name="verifyMultipleLoginScenari" time="10.403"/>
  <system-out/>
  <testcase classname="TestRunner.TC003" name="verifyMultipleLoginScenari" time="10.449"/>
  <system-out/>
  <testcase classname="TestRunner.TC003" name="verifyMultipleLoginScenari" time="11.542"/>
  <system-out/>
  <testcase classname="TestRunner.TC003" name="verifyMultipleLoginScenari" time="13.883"/>
  <system-out/>
</testsuite> <!-- TestRunner.TC003 -->
